# JRE version: OpenJDK Runtime Environment Temurin-17.0.9+9 (17.0.9+9) (build 17.0.9+9)
# Java VM: OpenJDK 64-Bit Server VM Temurin-17.0.9+9 (17.0.9+9, mixed mode, emulated-client, tiered, compressed oops, compressed class ptrs, g1 gc, windows-amd64)
GC Precious Log:
 CPUs: 4 total, 4 available
 Memory: 6049M
 Large Page Support: Disabled
 NUMA Support: Disabled
 Compressed Oops: Enabled (32-bit)
 Heap Region Size: 1M
 Heap Min Capacity: 8M
 Heap Initial Capacity: 96M
 Heap Max Capacity: 1G
 Pre-touch: Disabled
 Parallel Workers: 4
 Concurrent Workers: 1
 Concurrent Refinement Workers: 4
 Periodic GC: Disabled
Heap:
 garbage-first heap   total 102400K, used 36656K [0x00000000c0000000, 0x0000000100000000)
  region size 1024K, 1 young (1024K), 0 survivors (0K)
 Metaspace       used 58987K, committed 59456K, reserved 1114112K
  class space    used 7355K, committed 7552K, reserved 1048576K
GC Heap History (20 events):
Event: 5541.840 GC heap after
{Heap after GC invocations=346 (full 310):
 garbage-first heap   total 102400K, used 36633K [0x00000000c0000000, 0x0000000100000000)
  region size 1024K, 0 young (0K), 0 survivors (0K)
 Metaspace       used 58987K, committed 59456K, reserved 1114112K
  class space    used 7355K, committed 7552K, reserved 1048576K
}
Event: 5552.020 GC heap before
{Heap before GC invocations=346 (full 310):
 garbage-first heap   total 102400K, used 36633K [0x00000000c0000000, 0x0000000100000000)
  region size 1024K, 1 young (1024K), 0 survivors (0K)
 Metaspace       used 58987K, committed 59456K, reserved 1114112K
  class space    used 7355K, committed 7552K, reserved 1048576K
}
Event: 5552.071 GC heap after
{Heap after GC invocations=347 (full 311):
 garbage-first heap   total 102400K, used 36633K [0x00000000c0000000, 0x0000000100000000)
  region size 1024K, 0 young (0K), 0 survivors (0K)
 Metaspace       used 58987K, committed 59456K, reserved 1114112K
  class space    used 7355K, committed 7552K, reserved 1048576K
}
Event: 5562.260 GC heap before
{Heap before GC invocations=347 (full 311):
 garbage-first heap   total 102400K, used 36633K [0x00000000c0000000, 0x0000000100000000)
  region size 1024K, 1 young (1024K), 0 survivors (0K)
 Metaspace       used 58987K, committed 59456K, reserved 1114112K
  class space    used 7355K, committed 7552K, reserved 1048576K
}
Event: 5562.309 GC heap after
{Heap after GC invocations=348 (full 312):
 garbage-first heap   total 102400K, used 36633K [0x00000000c0000000, 0x0000000100000000)
  region size 1024K, 0 young (0K), 0 survivors (0K)
 Metaspace       used 58987K, committed 59456K, reserved 1114112K
  class space    used 7355K, committed 7552K, reserved 1048576K
}
Event: 5572.513 GC heap before
{Heap before GC invocations=348 (full 312):
 garbage-first heap   total 102400K, used 36633K [0x00000000c0000000, 0x0000000100000000)
  region size 1024K, 1 young (1024K), 0 survivors (0K)
 Metaspace       used 58987K, committed 59456K, reserved 1114112K
  class space    used 7355K, committed 7552K, reserved 1048576K
}
Event: 5572.574 GC heap after
{Heap after GC invocations=349 (full 313):
 garbage-first heap   total 102400K, used 36633K [0x00000000c0000000, 0x0000000100000000)
  region size 1024K, 0 young (0K), 0 survivors (0K)
 Metaspace       used 58987K, committed 59456K, reserved 1114112K
  class space    used 7355K, committed 7552K, reserved 1048576K
}
Event: 5582.752 GC heap before
{Heap before GC invocations=349 (full 313):
 garbage-first heap   total 102400K, used 36633K [0x00000000c0000000, 0x0000000100000000)
  region size 1024K, 1 young (1024K), 0 survivors (0K)
 Metaspace       used 58987K, committed 59456K, reserved 1114112K
  class space    used 7355K, committed 7552K, reserved 1048576K
}
Event: 5582.805 GC heap after
{Heap after GC invocations=350 (full 314):
 garbage-first heap   total 102400K, used 36633K [0x00000000c0000000, 0x0000000100000000)
  region size 1024K, 0 young (0K), 0 survivors (0K)
 Metaspace       used 58987K, committed 59456K, reserved 1114112K
  class space    used 7355K, committed 7552K, reserved 1048576K
}
Event: 5592.955 GC heap before
{Heap before GC invocations=350 (full 314):
 garbage-first heap   total 102400K, used 36633K [0x00000000c0000000, 0x0000000100000000)
  region size 1024K, 1 young (1024K), 0 survivors (0K)
 Metaspace       used 58987K, committed 59456K, reserved 1114112K
  class space    used 7355K, committed 7552K, reserved 1048576K
}
Event: 5592.995 GC heap after
{Heap after GC invocations=351 (full 315):
 garbage-first heap   total 102400K, used 36633K [0x00000000c0000000, 0x0000000100000000)
  region size 1024K, 0 young (0K), 0 survivors (0K)
 Metaspace       used 58987K, committed 59456K, reserved 1114112K
  class space    used 7355K, committed 7552K, reserved 1048576K
}
Event: 5603.164 GC heap before
{Heap before GC invocations=351 (full 315):
 garbage-first heap   total 102400K, used 36633K [0x00000000c0000000, 0x0000000100000000)
  region size 1024K, 1 young (1024K), 0 survivors (0K)
 Metaspace       used 58987K, committed 59456K, reserved 1114112K
  class space    used 7355K, committed 7552K, reserved 1048576K
}
Event: 5603.201 GC heap after
{Heap after GC invocations=352 (full 316):
 garbage-first heap   total 102400K, used 36633K [0x00000000c0000000, 0x0000000100000000)
  region size 1024K, 0 young (0K), 0 survivors (0K)
 Metaspace       used 58987K, committed 59456K, reserved 1114112K
  class space    used 7355K, committed 7552K, reserved 1048576K
}
Event: 5613.404 GC heap before
{Heap before GC invocations=352 (full 316):
 garbage-first heap   total 102400K, used 36633K [0x00000000c0000000, 0x0000000100000000)
  region size 1024K, 1 young (1024K), 0 survivors (0K)
 Metaspace       used 58987K, committed 59456K, reserved 1114112K
  class space    used 7355K, committed 7552K, reserved 1048576K
}
Event: 5613.447 GC heap after
{Heap after GC invocations=353 (full 317):
 garbage-first heap   total 102400K, used 36633K [0x00000000c0000000, 0x0000000100000000)
  region size 1024K, 0 young (0K), 0 survivors (0K)
 Metaspace       used 58987K, committed 59456K, reserved 1114112K
  class space    used 7355K, committed 7552K, reserved 1048576K
}
Event: 5623.623 GC heap before
{Heap before GC invocations=353 (full 317):
 garbage-first heap   total 102400K, used 36633K [0x00000000c0000000, 0x0000000100000000)
  region size 1024K, 1 young (1024K), 0 survivors (0K)
 Metaspace       used 58987K, committed 59456K, reserved 1114112K
  class space    used 7355K, committed 7552K, reserved 1048576K
}
Event: 5623.667 GC heap after
{Heap after GC invocations=354 (full 318):
 garbage-first heap   total 102400K, used 36633K [0x00000000c0000000, 0x0000000100000000)
  region size 1024K, 0 young (0K), 0 survivors (0K)
 Metaspace       used 58987K, committed 59456K, reserved 1114112K
  class space    used 7355K, committed 7552K, reserved 1048576K
}
Event: 5633.842 GC heap before
{Heap before GC invocations=354 (full 318):
 garbage-first heap   total 102400K, used 36633K [0x00000000c0000000, 0x0000000100000000)
  region size 1024K, 1 young (1024K), 0 survivors (0K)
 Metaspace       used 58987K, committed 59456K, reserved 1114112K
  class space    used 7355K, committed 7552K, reserved 1048576K
}
Event: 5633.879 GC heap after
{Heap after GC invocations=355 (full 319):
 garbage-first heap   total 102400K, used 36633K [0x00000000c0000000, 0x0000000100000000)
  region size 1024K, 0 young (0K), 0 survivors (0K)
 Metaspace       used 58987K, committed 59456K, reserved 1114112K
  class space    used 7355K, committed 7552K, reserved 1048576K
}
Event: 5868.910 GC heap before
{Heap before GC invocations=355 (full 319):
 garbage-first heap   total 102400K, used 36633K [0x00000000c0000000, 0x0000000100000000)
  region size 1024K, 1 young (1024K), 0 survivors (0K)
 Metaspace       used 58987K, committed 59456K, reserved 1114112K
  class space    used 7355K, committed 7552K, reserved 1048576K
}

